2025/01/18 21:20:52 {"callers":["/Users/henry/Git/Outsourcing/artwork-backend/main.go: 27 main.init.0"],"level":"error","message":"svc.CreateTag err: ERROR: relation \"blog_admin\" does not exist (SQLSTATE 42P01)","time":1737206452937568000}
2025/01/18 21:29:04 {"callers":["/Users/henry/Git/Outsourcing/artwork-backend/main.go: 27 main.init.0"],"level":"error","message":"svc.CreateTag err: ERROR: relation \"admin\" does not exist (SQLSTATE 42P01)","time":1737206944019782000}
2025/01/18 21:47:58 {"callers":["/Users/henry/Git/Outsourcing/artwork-backend/main.go: 27 main.init.0"],"level":"error","message":"app.BindAndValid errs: Key: 'CreateAdminRequest.Name' Error:Field validation for 'Name' failed on the 'required' tag,Key: 'CreateAdminRequest.Username' Error:Field validation for 'Username' failed on the 'required' tag","time":1737208078344692000}
2025/01/19 00:09:54 {"callers":["/Users/henry/Git/Outsourcing/artwork-backend/main.go: 27 main.init.0"],"level":"error","message":"svc.CreateTag err: admin already exists","time":1737216594269293000}
2025/01/19 00:11:10 {"callers":["/Users/henry/Git/Outsourcing/artwork-backend/main.go: 27 main.init.0"],"level":"error","message":"svc.CreateTag err: admin already exists","time":1737216670606582000}
2025/01/19 00:11:57 {"callers":["/Users/henry/Git/Outsourcing/artwork-backend/main.go: 27 main.init.0"],"level":"error","message":"svc.CreateTag err: admin already exists","time":1737216717330832000}
2025/01/19 00:12:10 {"callers":["/Users/henry/Git/Outsourcing/artwork-backend/main.go: 27 main.init.0"],"level":"error","message":"svc.CreateTag err: admin already exists","time":1737216730524601000}
2025/01/19 00:12:38 {"callers":["/Users/henry/Git/Outsourcing/artwork-backend/main.go: 27 main.init.0"],"level":"error","message":"svc.CreateTag err: admin already exists","time":1737216758337103000}
2025/01/19 00:14:55 {"callers":["/Users/henry/Git/Outsourcing/artwork-backend/main.go: 27 main.init.0"],"level":"error","message":"svc.CreateTag err: admin already exists","time":1737216895804362000}
2025/01/19 00:15:29 {"callers":["/Users/henry/Git/Outsourcing/artwork-backend/main.go: 27 main.init.0"],"level":"error","message":"svc.CreateTag err: admin already exists","time":1737216929758578000}
2025/01/19 00:23:51 {"callers":["/Users/henry/Git/Outsourcing/artwork-backend/main.go: 27 main.init.0"],"level":"error","message":"svc.CreateTag err: admin already exists","time":1737217431644296000}
2025/01/19 00:23:53 {"callers":["/Users/henry/Git/Outsourcing/artwork-backend/main.go: 27 main.init.0"],"level":"error","message":"svc.CreateTag err: admin already exists","time":1737217433638395000}
2025/01/19 00:27:31 {"callers":["/Users/henry/Git/Outsourcing/artwork-backend/main.go: 27 main.init.0"],"level":"error","message":"svc.CreateTag err: admin already exists","time":1737217651916482000}
2025/01/19 00:39:08 {"callers":["/Users/henry/Git/Outsourcing/artwork-backend/main.go: 27 main.init.0"],"level":"error","message":"svc.CreateTag err: admin already exists","time":1737218348469308000}
2025/01/19 00:49:24 {"callers":["/Users/henry/Git/Outsourcing/artwork-backend/main.go: 27 main.init.0"],"level":"error","message":"svc.CreateTag err: admin already exists","time":1737218964854686000}
2025/01/19 00:49:25 {"callers":["/Users/henry/Git/Outsourcing/artwork-backend/main.go: 27 main.init.0"],"level":"error","message":"svc.CreateTag err: admin already exists","time":1737218965685060000}
2025/01/19 00:49:29 {"callers":["/Users/henry/Git/Outsourcing/artwork-backend/main.go: 27 main.init.0"],"level":"error","message":"svc.CreateTag err: admin already exists","time":1737218969863776000}
2025/01/19 00:50:02 {"callers":["/Users/henry/Git/Outsourcing/artwork-backend/main.go: 27 main.init.0"],"level":"error","message":"svc.CreateTag err: admin already exists","time":1737219002945845000}
2025/01/19 00:50:05 {"callers":["/Users/henry/Git/Outsourcing/artwork-backend/main.go: 27 main.init.0"],"level":"error","message":"svc.CreateTag err: admin already exists","time":1737219005739675000}
2025/01/19 00:50:06 {"callers":["/Users/henry/Git/Outsourcing/artwork-backend/main.go: 27 main.init.0"],"level":"error","message":"svc.CreateTag err: admin already exists","time":1737219006534911000}
2025/01/19 01:39:06 {"callers":["/Users/henry/Git/Outsourcing/artwork-backend/main.go: 27 main.init.0"],"level":"error","message":"svc.CreateTag err: admin already exists","time":1737221946587980000}
2025/01/19 01:41:49 {"callers":["/Users/henry/Git/Outsourcing/artwork-backend/main.go: 27 main.init.0"],"level":"error","message":"svc.CreateTag err: admin already exists","time":1737222109929100000}
2025/01/19 01:41:59 {"callers":["/Users/henry/Git/Outsourcing/artwork-backend/main.go: 27 main.init.0"],"level":"error","message":"svc.CreateTag err: admin already exists","time":1737222119326185000}
2025/01/19 10:13:16 {"callers":["/Users/henry/Git/Outsourcing/artwork-backend/main.go: 28 main.init.0"],"level":"error","message":"svc.CreateTag err: admin already exists","time":1737252796947018000}
2025/01/19 14:16:55 {"callers":["/Users/henry/Git/Outsourcing/artwork-backend/main.go: 28 main.init.0"],"level":"error","message":"svc.CheckAuth err: ERROR: relation \"admins\" does not exist (SQLSTATE 42P01)","time":1737267415960145000}
2025/01/19 14:22:15 {"callers":["/Users/henry/Git/Outsourcing/artwork-backend/main.go: 28 main.init.0"],"level":"error","message":"svc.CheckAuth err: ERROR: relation \"admins\" does not exist (SQLSTATE 42P01)","time":1737267735588055000}
2025/01/19 14:33:40 {"callers":["/Users/henry/Git/Outsourcing/artwork-backend/main.go: 28 main.init.0"],"level":"error","message":"svc.CreateTag err: failed to query admin: ERROR: relation \"admins\" does not exist (SQLSTATE 42P01)","time":1737268420452143000}
2025/01/19 14:35:18 {"callers":["/Users/henry/Git/Outsourcing/artwork-backend/main.go: 28 main.init.0"],"level":"error","message":"svc.CreateTag err: admin already exists","time":1737268518337824000}
2025/01/19 14:37:02 {"callers":["/Users/henry/Git/Outsourcing/artwork-backend/main.go: 28 main.init.0"],"level":"error","message":"svc.CreateTag err: admin already exists","time":1737268622797011000}
2025/01/19 14:39:15 {"callers":["/Users/henry/Git/Outsourcing/artwork-backend/main.go: 28 main.init.0"],"level":"error","message":"svc.CreateTag err: admin already exists","time":1737268755722846000}
2025/01/19 14:40:12 {"callers":["/Users/henry/Git/Outsourcing/artwork-backend/main.go: 28 main.init.0"],"level":"error","message":"svc.CreateTag err: admin already exists","time":1737268812349523000}
2025/01/19 14:43:27 {"callers":["/Users/henry/Git/Outsourcing/artwork-backend/main.go: 28 main.init.0"],"level":"error","message":"svc.CreateTag err: admin already exists","time":1737269007123858000}
2025/01/19 14:43:44 {"callers":["/Users/henry/Git/Outsourcing/artwork-backend/main.go: 28 main.init.0"],"level":"error","message":"svc.CreateTag err: admin already exists","time":1737269024521246000}
2025/01/19 14:44:40 {"callers":["/Users/henry/Git/Outsourcing/artwork-backend/main.go: 28 main.init.0"],"level":"error","message":"svc.CreateTag err: admin already exists","time":1737269080566514000}
2025/01/19 14:45:34 {"callers":["/Users/henry/Git/Outsourcing/artwork-backend/main.go: 28 main.init.0"],"level":"error","message":"svc.CreateTag err: admin already exists","time":1737269134865245000}
2025/01/19 14:46:02 {"callers":["/Users/henry/Git/Outsourcing/artwork-backend/main.go: 28 main.init.0"],"level":"error","message":"svc.CreateTag err: admin already exists","time":1737269162359409000}
2025/01/19 14:47:46 {"callers":["/Users/henry/Git/Outsourcing/artwork-backend/main.go: 28 main.init.0"],"level":"error","message":"svc.CreateTag err: admin already exists","time":1737269266220245000}
2025/01/19 14:57:43 {"callers":["/Users/henry/Git/Outsourcing/artwork-backend/main.go: 28 main.init.0"],"level":"error","message":"svc.CreateTag err: admin already exists","time":1737269863771029000}
2025/01/19 14:57:58 {"callers":["/Users/henry/Git/Outsourcing/artwork-backend/main.go: 28 main.init.0"],"level":"error","message":"svc.CreateTag err: admin already exists","time":1737269878313735000}
2025/01/19 15:16:05 {"callers":["/Users/henry/Git/Outsourcing/artwork-backend/main.go: 28 main.init.0"],"level":"error","message":"svc.CreateTag err: admin already exists","time":1737270965379504000}
2025/01/20 00:11:38 {"callers":["/Users/henry/Git/Outsourcing/artwork-backend/main.go: 28 main.init.0"],"level":"error","message":"svc.CreateTag err: admin already exists","time":1737303098396545000}
2025/01/20 00:12:54 {"callers":["/Users/henry/Git/Outsourcing/artwork-backend/main.go: 28 main.init.0"],"level":"error","message":"svc.CreateTag err: admin already exists","time":1737303174207995000}
2025/01/20 00:14:51 {"callers":["/Users/henry/Git/Outsourcing/artwork-backend/main.go: 28 main.init.0"],"level":"error","message":"svc.CreateTag err: admin already exists","time":1737303291126136000}
2025/01/20 00:15:47 {"callers":["/Users/henry/Git/Outsourcing/artwork-backend/main.go: 28 main.init.0"],"level":"error","message":"svc.CreateTag err: admin already exists","time":1737303347232268000}
2025/01/20 00:16:10 {"callers":["/Users/henry/Git/Outsourcing/artwork-backend/main.go: 28 main.init.0"],"level":"error","message":"svc.CreateTag err: admin already exists","time":1737303370156167000}
2025/01/20 00:16:36 {"callers":["/Users/henry/Git/Outsourcing/artwork-backend/main.go: 28 main.init.0"],"level":"error","message":"svc.CreateTag err: admin already exists","time":1737303396928530000}
2025/01/20 00:16:54 {"callers":["/Users/henry/Git/Outsourcing/artwork-backend/main.go: 28 main.init.0"],"level":"error","message":"svc.CreateTag err: admin already exists","time":1737303414594080000}
2025/01/20 00:17:09 {"callers":["/Users/henry/Git/Outsourcing/artwork-backend/main.go: 28 main.init.0"],"level":"error","message":"svc.CreateTag err: admin already exists","time":1737303429812233000}
2025/01/20 00:20:19 {"callers":["/Users/henry/Git/Outsourcing/artwork-backend/main.go: 28 main.init.0"],"level":"error","message":"svc.CreateTag err: admin already exists","time":1737303619258899000}
2025/01/20 00:32:08 {"callers":["/Users/henry/Git/Outsourcing/artwork-backend/main.go: 28 main.init.0"],"level":"error","message":"svc.CreateTag err: admin already exists","time":1737304328734036000}
2025/01/20 00:35:24 {"callers":["/Users/henry/Git/Outsourcing/artwork-backend/main.go: 28 main.init.0"],"level":"error","message":"svc.CreateTag err: admin already exists","time":1737304524586588000}
2025/01/20 01:54:15 {"callers":["/Users/henry/Git/Outsourcing/artwork-backend/main.go: 28 main.init.0"],"level":"error","message":"svc.CreateTag err: ERROR: relation \"user\" does not exist (SQLSTATE 42P01)","time":1737309255233654000}
2025/01/20 01:54:59 {"callers":["/Users/henry/Git/Outsourcing/artwork-backend/main.go: 28 main.init.0"],"level":"error","message":"svc.CreateTag err: ERROR: relation \"user\" does not exist (SQLSTATE 42P01)","time":1737309299918992000}
2025/01/20 01:55:11 {"callers":["/Users/henry/Git/Outsourcing/artwork-backend/main.go: 28 main.init.0"],"level":"error","message":"svc.CreateUser err: ERROR: relation \"user\" does not exist (SQLSTATE 42P01)","time":1737309311467219000}
2025/01/20 01:55:31 {"callers":["/Users/henry/Git/Outsourcing/artwork-backend/main.go: 28 main.init.0"],"level":"error","message":"svc.CreateUser err: ERROR: column \"nick_name\" of relation \"users\" does not exist (SQLSTATE 42703)","time":1737309331727297000}
2025/01/20 01:57:06 {"callers":["/Users/henry/Git/Outsourcing/artwork-backend/main.go: 28 main.init.0"],"level":"error","message":"svc.CreateUser err: ERROR: column \"nick_name\" of relation \"users\" does not exist (SQLSTATE 42703)","time":1737309426352987000}
2025/01/20 01:57:54 {"callers":["/Users/henry/Git/Outsourcing/artwork-backend/main.go: 28 main.init.0"],"level":"error","message":"svc.CreateUser err: ERROR: invalid input value for enum gender: \"1\" (SQLSTATE 22P02)","time":1737309474628899000}
2025/01/20 01:59:52 {"callers":["/Users/henry/Git/Outsourcing/artwork-backend/main.go: 28 main.init.0"],"level":"error","message":"svc.CreateUser err: ERROR: invalid input value for enum gender: \"1\" (SQLSTATE 22P02)","time":1737309592859391000}
2025/01/20 13:04:13 {"callers":["/Users/henry/Git/Outsourcing/artwork-backend/main.go: 28 main.init.0"],"level":"error","message":"svc.CreateAdmin err: ERROR: null value in column \"username\" of relation \"admins\" violates not-null constraint (SQLSTATE 23502)","time":1737349453826582000}
2025/01/20 13:14:27 {"callers":["/Users/henry/Git/Outsourcing/artwork-backend/main.go: 28 main.init.0"],"level":"error","message":"svc.GetAdminProfile err: record not found","time":1737350067329032000}
2025/01/20 13:15:23 {"callers":["/Users/henry/Git/Outsourcing/artwork-backend/main.go: 28 main.init.0"],"level":"error","message":"svc.GetAdminProfile err: record not found","time":1737350123432219000}
2025/01/20 13:15:24 {"callers":["/Users/henry/Git/Outsourcing/artwork-backend/main.go: 28 main.init.0"],"level":"error","message":"svc.GetAdminProfile err: record not found","time":1737350124398615000}
2025/01/20 13:15:31 {"callers":["/Users/henry/Git/Outsourcing/artwork-backend/main.go: 28 main.init.0"],"level":"error","message":"svc.GetAdminProfile err: record not found","time":1737350131450594000}
2025/01/20 13:15:49 {"callers":["/Users/henry/Git/Outsourcing/artwork-backend/main.go: 28 main.init.0"],"level":"error","message":"svc.GetAdminProfile err: record not found","time":1737350149520041000}
